# JRE version: OpenJDK Runtime Environment (8.0_212-b03) (build 1.8.0_212-8u212-b03-0ubuntu1.18.10.1-b03)
# Java VM: OpenJDK 64-Bit Server VM (25.212-b03 mixed mode linux-amd64 compressed oops)
Heap:
 PSYoungGen      total 68608K, used 60996K [0x00000000eb900000, 0x00000000f4000000, 0x0000000100000000)
  eden space 63488K, 92% used [0x00000000eb900000,0x00000000ef227f20,0x00000000ef700000)
  from space 5120K, 48% used [0x00000000ef700000,0x00000000ef9692e8,0x00000000efc00000)
  to   space 5632K, 0% used [0x00000000f3a80000,0x00000000f3a80000,0x00000000f4000000)
 ParOldGen       total 351232K, used 315201K [0x00000000c2a00000, 0x00000000d8100000, 0x00000000eb900000)
  object space 351232K, 89% used [0x00000000c2a00000,0x00000000d5dd0470,0x00000000d8100000)
 Metaspace       used 17246K, capacity 17458K, committed 17664K, reserved 1064960K
  class space    used 1976K, capacity 2043K, committed 2048K, reserved 1048576K
GC Heap History (10 events):
Event: 1,923 GC heap before
{Heap before GC invocations=3 (full 0):
 PSYoungGen      total 18432K, used 18411K [0x00000000eb900000, 0x00000000ecd80000, 0x0000000100000000)
  eden space 15872K, 100% used [0x00000000eb900000,0x00000000ec880000,0x00000000ec880000)
  from space 2560K, 99% used [0x00000000ecb00000,0x00000000ecd7aca0,0x00000000ecd80000)
  to   space 2560K, 0% used [0x00000000ec880000,0x00000000ec880000,0x00000000ecb00000)
 ParOldGen       total 42496K, used 1501K [0x00000000c2a00000, 0x00000000c5380000, 0x00000000eb900000)
  object space 42496K, 3% used [0x00000000c2a00000,0x00000000c2b77448,0x00000000c5380000)
 Metaspace       used 11976K, capacity 12190K, committed 12544K, reserved 1060864K
  class space    used 1380K, capacity 1445K, committed 1536K, reserved 1048576K
Event: 1,927 GC heap after
Heap after GC invocations=3 (full 0):
 PSYoungGen      total 18432K, used 2553K [0x00000000eb900000, 0x00000000edd00000, 0x0000000100000000)
  eden space 15872K, 0% used [0x00000000eb900000,0x00000000eb900000,0x00000000ec880000)
  from space 2560K, 99% used [0x00000000ec880000,0x00000000ecafe728,0x00000000ecb00000)
  to   space 2560K, 0% used [0x00000000eda80000,0x00000000eda80000,0x00000000edd00000)
 ParOldGen       total 42496K, used 3253K [0x00000000c2a00000, 0x00000000c5380000, 0x00000000eb900000)
  object space 42496K, 7% used [0x00000000c2a00000,0x00000000c2d2d5e8,0x00000000c5380000)
 Metaspace       used 11976K, capacity 12190K, committed 12544K, reserved 1060864K
  class space    used 1380K, capacity 1445K, committed 1536K, reserved 1048576K
}
Event: 2,135 GC heap before
{Heap before GC invocations=4 (full 0):
 PSYoungGen      total 18432K, used 18425K [0x00000000eb900000, 0x00000000edd00000, 0x0000000100000000)
  eden space 15872K, 100% used [0x00000000eb900000,0x00000000ec880000,0x00000000ec880000)
  from space 2560K, 99% used [0x00000000ec880000,0x00000000ecafe728,0x00000000ecb00000)
  to   space 2560K, 0% used [0x00000000eda80000,0x00000000eda80000,0x00000000edd00000)
 ParOldGen       total 42496K, used 3253K [0x00000000c2a00000, 0x00000000c5380000, 0x00000000eb900000)
  object space 42496K, 7% used [0x00000000c2a00000,0x00000000c2d2d5e8,0x00000000c5380000)
 Metaspace       used 13853K, capacity 14116K, committed 14336K, reserved 1062912K
  class space    used 1621K, capacity 1680K, committed 1792K, reserved 1048576K
Event: 2,142 GC heap after
Heap after GC invocations=4 (full 0):
 PSYoungGen      total 34304K, used 2544K [0x00000000eb900000, 0x00000000edd00000, 0x0000000100000000)
  eden space 31744K, 0% used [0x00000000eb900000,0x00000000eb900000,0x00000000ed800000)
  from space 2560K, 99% used [0x00000000eda80000,0x00000000edcfc030,0x00000000edd00000)
  to   space 2560K, 0% used [0x00000000ed800000,0x00000000ed800000,0x00000000eda80000)
 ParOldGen       total 42496K, used 5021K [0x00000000c2a00000, 0x00000000c5380000, 0x00000000eb900000)
  object space 42496K, 11% used [0x00000000c2a00000,0x00000000c2ee7798,0x00000000c5380000)
 Metaspace       used 13853K, capacity 14116K, committed 14336K, reserved 1062912K
  class space    used 1621K, capacity 1680K, committed 1792K, reserved 1048576K
}
Event: 2,352 GC heap before
{Heap before GC invocations=5 (full 0):
 PSYoungGen      total 34304K, used 34288K [0x00000000eb900000, 0x00000000edd00000, 0x0000000100000000)
  eden space 31744K, 100% used [0x00000000eb900000,0x00000000ed800000,0x00000000ed800000)
  from space 2560K, 99% used [0x00000000eda80000,0x00000000edcfc030,0x00000000edd00000)
  to   space 2560K, 0% used [0x00000000ed800000,0x00000000ed800000,0x00000000eda80000)
 ParOldGen       total 42496K, used 5021K [0x00000000c2a00000, 0x00000000c5380000, 0x00000000eb900000)
  object space 42496K, 11% used [0x00000000c2a00000,0x00000000c2ee7798,0x00000000c5380000)
 Metaspace       used 15222K, capacity 15492K, committed 15744K, reserved 1062912K
  class space    used 1768K, capacity 1840K, committed 1920K, reserved 1048576K
Event: 2,357 GC heap after
Heap after GC invocations=5 (full 0):
 PSYoungGen      total 34304K, used 2544K [0x00000000eb900000, 0x00000000f0100000, 0x0000000100000000)
  eden space 31744K, 0% used [0x00000000eb900000,0x00000000eb900000,0x00000000ed800000)
  from space 2560K, 99% used [0x00000000ed800000,0x00000000eda7c010,0x00000000eda80000)
  to   space 5120K, 0% used [0x00000000efc00000,0x00000000efc00000,0x00000000f0100000)
 ParOldGen       total 42496K, used 6819K [0x00000000c2a00000, 0x00000000c5380000, 0x00000000eb900000)
  object space 42496K, 16% used [0x00000000c2a00000,0x00000000c30a8de8,0x00000000c5380000)
 Metaspace       used 15222K, capacity 15492K, committed 15744K, reserved 1062912K
  class space    used 1768K, capacity 1840K, committed 1920K, reserved 1048576K
}
Event: 3,387 GC heap before
{Heap before GC invocations=6 (full 0):
 PSYoungGen      total 34304K, used 34288K [0x00000000eb900000, 0x00000000f0100000, 0x0000000100000000)
  eden space 31744K, 100% used [0x00000000eb900000,0x00000000ed800000,0x00000000ed800000)
  from space 2560K, 99% used [0x00000000ed800000,0x00000000eda7c010,0x00000000eda80000)
  to   space 5120K, 0% used [0x00000000efc00000,0x00000000efc00000,0x00000000f0100000)
 ParOldGen       total 145408K, used 109219K [0x00000000c2a00000, 0x00000000cb800000, 0x00000000eb900000)
  object space 145408K, 75% used [0x00000000c2a00000,0x00000000c94a8df8,0x00000000cb800000)
 Metaspace       used 16922K, capacity 17176K, committed 17408K, reserved 1064960K
  class space    used 1973K, capacity 2038K, committed 2048K, reserved 1048576K
Event: 3,393 GC heap after
Heap after GC invocations=6 (full 0):
 PSYoungGen      total 68608K, used 4153K [0x00000000eb900000, 0x00000000f0100000, 0x0000000100000000)
  eden space 63488K, 0% used [0x00000000eb900000,0x00000000eb900000,0x00000000ef700000)
  from space 5120K, 81% used [0x00000000efc00000,0x00000000f000e748,0x00000000f0100000)
  to   space 5120K, 0% used [0x00000000ef700000,0x00000000ef700000,0x00000000efc00000)
 ParOldGen       total 145408K, used 109219K [0x00000000c2a00000, 0x00000000cb800000, 0x00000000eb900000)
  object space 145408K, 75% used [0x00000000c2a00000,0x00000000c94a8df8,0x00000000cb800000)
 Metaspace       used 16922K, capacity 17176K, committed 17408K, reserved 1064960K
  class space    used 1973K, capacity 2038K, committed 2048K, reserved 1048576K
}
Event: 4,669 GC heap before
{Heap before GC invocations=7 (full 0):
 PSYoungGen      total 68608K, used 67641K [0x00000000eb900000, 0x00000000f0100000, 0x0000000100000000)
  eden space 63488K, 100% used [0x00000000eb900000,0x00000000ef700000,0x00000000ef700000)
  from space 5120K, 81% used [0x00000000efc00000,0x00000000f000e748,0x00000000f0100000)
  to   space 5120K, 0% used [0x00000000ef700000,0x00000000ef700000,0x00000000efc00000)
 ParOldGen       total 248320K, used 211619K [0x00000000c2a00000, 0x00000000d1c80000, 0x00000000eb900000)
  object space 248320K, 85% used [0x00000000c2a00000,0x00000000cf8a8e08,0x00000000d1c80000)
 Metaspace       used 17087K, capacity 17312K, committed 17408K, reserved 1064960K
  class space    used 1974K, capacity 2040K, committed 2048K, reserved 1048576K
Event: 4,674 GC heap after
Heap after GC invocations=7 (full 0):
 PSYoungGen      total 68608K, used 2468K [0x00000000eb900000, 0x00000000f4000000, 0x0000000100000000)
  eden space 63488K, 0% used [0x00000000eb900000,0x00000000eb900000,0x00000000ef700000)
  from space 5120K, 48% used [0x00000000ef700000,0x00000000ef9692e8,0x00000000efc00000)
  to   space 5632K, 0% used [0x00000000f3a80000,0x00000000f3a80000,0x00000000f4000000)
 ParOldGen       total 248320K, used 212801K [0x00000000c2a00000, 0x00000000d1c80000, 0x00000000eb900000)
  object space 248320K, 85% used [0x00000000c2a00000,0x00000000cf9d0460,0x00000000d1c80000)
 Metaspace       used 17087K, capacity 17312K, committed 17408K, reserved 1064960K
  class space    used 1974K, capacity 2040K, committed 2048K, reserved 1048576K
}

