# JRE version: OpenJDK Runtime Environment (8.0_212-b03) (build 1.8.0_212-8u212-b03-0ubuntu1.18.10.1-b03)
# Java VM: OpenJDK 64-Bit Server VM (25.212-b03 mixed mode linux-amd64 compressed oops)
Heap:
 PSYoungGen      total 132608K, used 92381K [0x00000000eb900000, 0x00000000f4000000, 0x0000000100000000)
  eden space 126976K, 71% used [0x00000000eb900000,0x00000000f11b6958,0x00000000f3500000)
  from space 5632K, 27% used [0x00000000f3a80000,0x00000000f3c00c50,0x00000000f4000000)
  to   space 5632K, 0% used [0x00000000f3500000,0x00000000f3500000,0x00000000f3a80000)
 ParOldGen       total 454144K, used 418652K [0x00000000c2a00000, 0x00000000de580000, 0x00000000eb900000)
  object space 454144K, 92% used [0x00000000c2a00000,0x00000000dc2d73c0,0x00000000de580000)
 Metaspace       used 17324K, capacity 17528K, committed 17664K, reserved 1064960K
  class space    used 1976K, capacity 2044K, committed 2048K, reserved 1048576K
GC Heap History (10 events):
Event: 1,985 GC heap before
{Heap before GC invocations=4 (full 0):
 PSYoungGen      total 18432K, used 18409K [0x00000000eb900000, 0x00000000edd00000, 0x0000000100000000)
  eden space 15872K, 100% used [0x00000000eb900000,0x00000000ec880000,0x00000000ec880000)
  from space 2560K, 99% used [0x00000000ec880000,0x00000000ecafa718,0x00000000ecb00000)
  to   space 2560K, 0% used [0x00000000eda80000,0x00000000eda80000,0x00000000edd00000)
 ParOldGen       total 42496K, used 3479K [0x00000000c2a00000, 0x00000000c5380000, 0x00000000eb900000)
  object space 42496K, 8% used [0x00000000c2a00000,0x00000000c2d65f10,0x00000000c5380000)
 Metaspace       used 13843K, capacity 14052K, committed 14336K, reserved 1062912K
  class space    used 1621K, capacity 1680K, committed 1792K, reserved 1048576K
Event: 1,990 GC heap after
Heap after GC invocations=4 (full 0):
 PSYoungGen      total 34304K, used 2528K [0x00000000eb900000, 0x00000000edd00000, 0x0000000100000000)
  eden space 31744K, 0% used [0x00000000eb900000,0x00000000eb900000,0x00000000ed800000)
  from space 2560K, 98% used [0x00000000eda80000,0x00000000edcf8040,0x00000000edd00000)
  to   space 2560K, 0% used [0x00000000ed800000,0x00000000ed800000,0x00000000eda80000)
 ParOldGen       total 42496K, used 5371K [0x00000000c2a00000, 0x00000000c5380000, 0x00000000eb900000)
  object space 42496K, 12% used [0x00000000c2a00000,0x00000000c2f3ec40,0x00000000c5380000)
 Metaspace       used 13843K, capacity 14052K, committed 14336K, reserved 1062912K
  class space    used 1621K, capacity 1680K, committed 1792K, reserved 1048576K
}
Event: 2,199 GC heap before
{Heap before GC invocations=5 (full 0):
 PSYoungGen      total 34304K, used 34272K [0x00000000eb900000, 0x00000000edd00000, 0x0000000100000000)
  eden space 31744K, 100% used [0x00000000eb900000,0x00000000ed800000,0x00000000ed800000)
  from space 2560K, 98% used [0x00000000eda80000,0x00000000edcf8040,0x00000000edd00000)
  to   space 2560K, 0% used [0x00000000ed800000,0x00000000ed800000,0x00000000eda80000)
 ParOldGen       total 42496K, used 5371K [0x00000000c2a00000, 0x00000000c5380000, 0x00000000eb900000)
  object space 42496K, 12% used [0x00000000c2a00000,0x00000000c2f3ec40,0x00000000c5380000)
 Metaspace       used 15222K, capacity 15492K, committed 15744K, reserved 1062912K
  class space    used 1768K, capacity 1840K, committed 1920K, reserved 1048576K
Event: 2,207 GC heap after
Heap after GC invocations=5 (full 0):
 PSYoungGen      total 34304K, used 2528K [0x00000000eb900000, 0x00000000f0100000, 0x0000000100000000)
  eden space 31744K, 0% used [0x00000000eb900000,0x00000000eb900000,0x00000000ed800000)
  from space 2560K, 98% used [0x00000000ed800000,0x00000000eda78020,0x00000000eda80000)
  to   space 5120K, 0% used [0x00000000efc00000,0x00000000efc00000,0x00000000f0100000)
 ParOldGen       total 42496K, used 7008K [0x00000000c2a00000, 0x00000000c5380000, 0x00000000eb900000)
  object space 42496K, 16% used [0x00000000c2a00000,0x00000000c30d8290,0x00000000c5380000)
 Metaspace       used 15222K, capacity 15492K, committed 15744K, reserved 1062912K
  class space    used 1768K, capacity 1840K, committed 1920K, reserved 1048576K
}
Event: 3,231 GC heap before
{Heap before GC invocations=6 (full 0):
 PSYoungGen      total 34304K, used 34272K [0x00000000eb900000, 0x00000000f0100000, 0x0000000100000000)
  eden space 31744K, 100% used [0x00000000eb900000,0x00000000ed800000,0x00000000ed800000)
  from space 2560K, 98% used [0x00000000ed800000,0x00000000eda78020,0x00000000eda80000)
  to   space 5120K, 0% used [0x00000000efc00000,0x00000000efc00000,0x00000000f0100000)
 ParOldGen       total 145408K, used 109408K [0x00000000c2a00000, 0x00000000cb800000, 0x00000000eb900000)
  object space 145408K, 75% used [0x00000000c2a00000,0x00000000c94d82a0,0x00000000cb800000)
 Metaspace       used 16919K, capacity 17176K, committed 17408K, reserved 1064960K
  class space    used 1973K, capacity 2038K, committed 2048K, reserved 1048576K
Event: 3,236 GC heap after
Heap after GC invocations=6 (full 0):
 PSYoungGen      total 68608K, used 4197K [0x00000000eb900000, 0x00000000f0100000, 0x0000000100000000)
  eden space 63488K, 0% used [0x00000000eb900000,0x00000000eb900000,0x00000000ef700000)
  from space 5120K, 81% used [0x00000000efc00000,0x00000000f0019410,0x00000000f0100000)
  to   space 5120K, 0% used [0x00000000ef700000,0x00000000ef700000,0x00000000efc00000)
 ParOldGen       total 145408K, used 109416K [0x00000000c2a00000, 0x00000000cb800000, 0x00000000eb900000)
  object space 145408K, 75% used [0x00000000c2a00000,0x00000000c94da2a0,0x00000000cb800000)
 Metaspace       used 16919K, capacity 17176K, committed 17408K, reserved 1064960K
  class space    used 1973K, capacity 2038K, committed 2048K, reserved 1048576K
}
Event: 4,512 GC heap before
{Heap before GC invocations=7 (full 0):
 PSYoungGen      total 68608K, used 67685K [0x00000000eb900000, 0x00000000f0100000, 0x0000000100000000)
  eden space 63488K, 100% used [0x00000000eb900000,0x00000000ef700000,0x00000000ef700000)
  from space 5120K, 81% used [0x00000000efc00000,0x00000000f0019410,0x00000000f0100000)
  to   space 5120K, 0% used [0x00000000ef700000,0x00000000ef700000,0x00000000efc00000)
 ParOldGen       total 248320K, used 211816K [0x00000000c2a00000, 0x00000000d1c80000, 0x00000000eb900000)
  object space 248320K, 85% used [0x00000000c2a00000,0x00000000cf8da2b0,0x00000000d1c80000)
 Metaspace       used 17078K, capacity 17312K, committed 17408K, reserved 1064960K
  class space    used 1974K, capacity 2040K, committed 2048K, reserved 1048576K
Event: 4,516 GC heap after
Heap after GC invocations=7 (full 0):
 PSYoungGen      total 68608K, used 2468K [0x00000000eb900000, 0x00000000f4000000, 0x0000000100000000)
  eden space 63488K, 0% used [0x00000000eb900000,0x00000000eb900000,0x00000000ef700000)
  from space 5120K, 48% used [0x00000000ef700000,0x00000000ef969308,0x00000000efc00000)
  to   space 5632K, 0% used [0x00000000f3a80000,0x00000000f3a80000,0x00000000f4000000)
 ParOldGen       total 248320K, used 213002K [0x00000000c2a00000, 0x00000000d1c80000, 0x00000000eb900000)
  object space 248320K, 85% used [0x00000000c2a00000,0x00000000cfa02918,0x00000000d1c80000)
 Metaspace       used 17078K, capacity 17312K, committed 17408K, reserved 1064960K
  class space    used 1974K, capacity 2040K, committed 2048K, reserved 1048576K
}
Event: 6,773 GC heap before
{Heap before GC invocations=8 (full 0):
 PSYoungGen      total 68608K, used 65956K [0x00000000eb900000, 0x00000000f4000000, 0x0000000100000000)
  eden space 63488K, 100% used [0x00000000eb900000,0x00000000ef700000,0x00000000ef700000)
  from space 5120K, 48% used [0x00000000ef700000,0x00000000ef969308,0x00000000efc00000)
  to   space 5632K, 0% used [0x00000000f3a80000,0x00000000f3a80000,0x00000000f4000000)
 ParOldGen       total 454144K, used 417802K [0x00000000c2a00000, 0x00000000de580000, 0x00000000eb900000)
  object space 454144K, 91% used [0x00000000c2a00000,0x00000000dc202938,0x00000000de580000)
 Metaspace       used 17227K, capacity 17458K, committed 17664K, reserved 1064960K
  class space    used 1976K, capacity 2043K, committed 2048K, reserved 1048576K
Event: 6,802 GC heap after
Heap after GC invocations=8 (full 0):
 PSYoungGen      total 132608K, used 1539K [0x00000000eb900000, 0x00000000f4000000, 0x0000000100000000)
  eden space 126976K, 0% used [0x00000000eb900000,0x00000000eb900000,0x00000000f3500000)
  from space 5632K, 27% used [0x00000000f3a80000,0x00000000f3c00c50,0x00000000f4000000)
  to   space 5632K, 0% used [0x00000000f3500000,0x00000000f3500000,0x00000000f3a80000)
 ParOldGen       total 454144K, used 418652K [0x00000000c2a00000, 0x00000000de580000, 0x00000000eb900000)
  object space 454144K, 92% used [0x00000000c2a00000,0x00000000dc2d73c0,0x00000000de580000)
 Metaspace       used 17227K, capacity 17458K, committed 17664K, reserved 1064960K
  class space    used 1976K, capacity 2043K, committed 2048K, reserved 1048576K
}

