# JRE version: OpenJDK Runtime Environment (8.0_212-b03) (build 1.8.0_212-8u212-b03-0ubuntu1.18.10.1-b03)
# Java VM: OpenJDK 64-Bit Server VM (25.212-b03 mixed mode linux-amd64 compressed oops)
Heap:
 PSYoungGen      total 131072K, used 44305K [0x00000000eb900000, 0x00000000f3f00000, 0x0000000100000000)
  eden space 124928K, 32% used [0x00000000eb900000,0x00000000ee10c698,0x00000000f3300000)
  from space 6144K, 53% used [0x00000000f3900000,0x00000000f3c37f28,0x00000000f3f00000)
  to   space 6144K, 0% used [0x00000000f3300000,0x00000000f3300000,0x00000000f3900000)
 ParOldGen       total 248320K, used 209311K [0x00000000c2a00000, 0x00000000d1c80000, 0x00000000eb900000)
  object space 248320K, 84% used [0x00000000c2a00000,0x00000000cf667c48,0x00000000d1c80000)
 Metaspace       used 18655K, capacity 18882K, committed 19072K, reserved 1067008K
  class space    used 2081K, capacity 2169K, committed 2176K, reserved 1048576K
GC Heap History (10 events):
Event: 2,511 GC heap before
{Heap before GC invocations=4 (full 0):
 PSYoungGen      total 18432K, used 18411K [0x00000000eb900000, 0x00000000edd00000, 0x0000000100000000)
  eden space 15872K, 100% used [0x00000000eb900000,0x00000000ec880000,0x00000000ec880000)
  from space 2560K, 99% used [0x00000000ec880000,0x00000000ecafaf58,0x00000000ecb00000)
  to   space 2560K, 0% used [0x00000000eda80000,0x00000000eda80000,0x00000000edd00000)
 ParOldGen       total 42496K, used 135K [0x00000000c2a00000, 0x00000000c5380000, 0x00000000eb900000)
  object space 42496K, 0% used [0x00000000c2a00000,0x00000000c2a21ed0,0x00000000c5380000)
 Metaspace       used 11211K, capacity 11388K, committed 11648K, reserved 1058816K
  class space    used 1238K, capacity 1318K, committed 1408K, reserved 1048576K
Event: 2,516 GC heap after
Heap after GC invocations=4 (full 0):
 PSYoungGen      total 34304K, used 2540K [0x00000000eb900000, 0x00000000edd00000, 0x0000000100000000)
  eden space 31744K, 0% used [0x00000000eb900000,0x00000000eb900000,0x00000000ed800000)
  from space 2560K, 99% used [0x00000000eda80000,0x00000000edcfb308,0x00000000edd00000)
  to   space 2560K, 0% used [0x00000000ed800000,0x00000000ed800000,0x00000000eda80000)
 ParOldGen       total 42496K, used 563K [0x00000000c2a00000, 0x00000000c5380000, 0x00000000eb900000)
  object space 42496K, 1% used [0x00000000c2a00000,0x00000000c2a8cff0,0x00000000c5380000)
 Metaspace       used 11211K, capacity 11388K, committed 11648K, reserved 1058816K
  class space    used 1238K, capacity 1318K, committed 1408K, reserved 1048576K
}
Event: 2,759 GC heap before
{Heap before GC invocations=5 (full 0):
 PSYoungGen      total 34304K, used 34284K [0x00000000eb900000, 0x00000000edd00000, 0x0000000100000000)
  eden space 31744K, 100% used [0x00000000eb900000,0x00000000ed800000,0x00000000ed800000)
  from space 2560K, 99% used [0x00000000eda80000,0x00000000edcfb308,0x00000000edd00000)
  to   space 2560K, 0% used [0x00000000ed800000,0x00000000ed800000,0x00000000eda80000)
 ParOldGen       total 42496K, used 563K [0x00000000c2a00000, 0x00000000c5380000, 0x00000000eb900000)
  object space 42496K, 1% used [0x00000000c2a00000,0x00000000c2a8cff0,0x00000000c5380000)
 Metaspace       used 13404K, capacity 13596K, committed 13952K, reserved 1060864K
  class space    used 1470K, capacity 1542K, committed 1664K, reserved 1048576K
Event: 2,767 GC heap after
Heap after GC invocations=5 (full 0):
 PSYoungGen      total 34304K, used 2544K [0x00000000eb900000, 0x00000000f0000000, 0x0000000100000000)
  eden space 31744K, 0% used [0x00000000eb900000,0x00000000eb900000,0x00000000ed800000)
  from space 2560K, 99% used [0x00000000ed800000,0x00000000eda7c010,0x00000000eda80000)
  to   space 4608K, 0% used [0x00000000efb80000,0x00000000efb80000,0x00000000f0000000)
 ParOldGen       total 42496K, used 2431K [0x00000000c2a00000, 0x00000000c5380000, 0x00000000eb900000)
  object space 42496K, 5% used [0x00000000c2a00000,0x00000000c2c5fd70,0x00000000c5380000)
 Metaspace       used 13404K, capacity 13596K, committed 13952K, reserved 1060864K
  class space    used 1470K, capacity 1542K, committed 1664K, reserved 1048576K
}
Event: 3,178 GC heap before
{Heap before GC invocations=6 (full 0):
 PSYoungGen      total 34304K, used 34288K [0x00000000eb900000, 0x00000000f0000000, 0x0000000100000000)
  eden space 31744K, 100% used [0x00000000eb900000,0x00000000ed800000,0x00000000ed800000)
  from space 2560K, 99% used [0x00000000ed800000,0x00000000eda7c010,0x00000000eda80000)
  to   space 4608K, 0% used [0x00000000efb80000,0x00000000efb80000,0x00000000f0000000)
 ParOldGen       total 42496K, used 2431K [0x00000000c2a00000, 0x00000000c5380000, 0x00000000eb900000)
  object space 42496K, 5% used [0x00000000c2a00000,0x00000000c2c5fd70,0x00000000c5380000)
 Metaspace       used 15291K, capacity 15554K, committed 15744K, reserved 1062912K
  class space    used 1713K, capacity 1809K, committed 1920K, reserved 1048576K
Event: 3,191 GC heap after
Heap after GC invocations=6 (full 0):
 PSYoungGen      total 67072K, used 4599K [0x00000000eb900000, 0x00000000f0200000, 0x0000000100000000)
  eden space 62464K, 0% used [0x00000000eb900000,0x00000000eb900000,0x00000000ef600000)
  from space 4608K, 99% used [0x00000000efb80000,0x00000000efffdf00,0x00000000f0000000)
  to   space 5632K, 0% used [0x00000000ef600000,0x00000000ef600000,0x00000000efb80000)
 ParOldGen       total 42496K, used 2649K [0x00000000c2a00000, 0x00000000c5380000, 0x00000000eb900000)
  object space 42496K, 6% used [0x00000000c2a00000,0x00000000c2c96500,0x00000000c5380000)
 Metaspace       used 15291K, capacity 15554K, committed 15744K, reserved 1062912K
  class space    used 1713K, capacity 1809K, committed 1920K, reserved 1048576K
}
Event: 3,934 GC heap before
{Heap before GC invocations=7 (full 0):
 PSYoungGen      total 67072K, used 67063K [0x00000000eb900000, 0x00000000f0200000, 0x0000000100000000)
  eden space 62464K, 100% used [0x00000000eb900000,0x00000000ef600000,0x00000000ef600000)
  from space 4608K, 99% used [0x00000000efb80000,0x00000000efffdf00,0x00000000f0000000)
  to   space 5632K, 0% used [0x00000000ef600000,0x00000000ef600000,0x00000000efb80000)
 ParOldGen       total 145408K, used 105049K [0x00000000c2a00000, 0x00000000cb800000, 0x00000000eb900000)
  object space 145408K, 72% used [0x00000000c2a00000,0x00000000c9096510,0x00000000cb800000)
 Metaspace       used 17867K, capacity 18146K, committed 18304K, reserved 1064960K
  class space    used 2004K, capacity 2097K, committed 2176K, reserved 1048576K
Event: 3,953 GC heap after
Heap after GC invocations=7 (full 0):
 PSYoungGen      total 68096K, used 5462K [0x00000000eb900000, 0x00000000f3f00000, 0x0000000100000000)
  eden space 62464K, 0% used [0x00000000eb900000,0x00000000eb900000,0x00000000ef600000)
  from space 5632K, 96% used [0x00000000ef600000,0x00000000efb558c0,0x00000000efb80000)
  to   space 6144K, 0% used [0x00000000f3900000,0x00000000f3900000,0x00000000f3f00000)
 ParOldGen       total 145408K, used 106239K [0x00000000c2a00000, 0x00000000cb800000, 0x00000000eb900000)
  object space 145408K, 73% used [0x00000000c2a00000,0x00000000c91bfc38,0x00000000cb800000)
 Metaspace       used 17867K, capacity 18146K, committed 18304K, reserved 1064960K
  class space    used 2004K, capacity 2097K, committed 2176K, reserved 1048576K
}
Event: 6,063 GC heap before
{Heap before GC invocations=8 (full 0):
 PSYoungGen      total 68096K, used 67926K [0x00000000eb900000, 0x00000000f3f00000, 0x0000000100000000)
  eden space 62464K, 100% used [0x00000000eb900000,0x00000000ef600000,0x00000000ef600000)
  from space 5632K, 96% used [0x00000000ef600000,0x00000000efb558c0,0x00000000efb80000)
  to   space 6144K, 0% used [0x00000000f3900000,0x00000000f3900000,0x00000000f3f00000)
 ParOldGen       total 248320K, used 208639K [0x00000000c2a00000, 0x00000000d1c80000, 0x00000000eb900000)
  object space 248320K, 84% used [0x00000000c2a00000,0x00000000cf5bfc48,0x00000000d1c80000)
 Metaspace       used 18631K, capacity 18882K, committed 19072K, reserved 1067008K
  class space    used 2081K, capacity 2169K, committed 2176K, reserved 1048576K
Event: 6,077 GC heap after
Heap after GC invocations=8 (full 0):
 PSYoungGen      total 131072K, used 3295K [0x00000000eb900000, 0x00000000f3f00000, 0x0000000100000000)
  eden space 124928K, 0% used [0x00000000eb900000,0x00000000eb900000,0x00000000f3300000)
  from space 6144K, 53% used [0x00000000f3900000,0x00000000f3c37f28,0x00000000f3f00000)
  to   space 6144K, 0% used [0x00000000f3300000,0x00000000f3300000,0x00000000f3900000)
 ParOldGen       total 248320K, used 209311K [0x00000000c2a00000, 0x00000000d1c80000, 0x00000000eb900000)
  object space 248320K, 84% used [0x00000000c2a00000,0x00000000cf667c48,0x00000000d1c80000)
 Metaspace       used 18631K, capacity 18882K, committed 19072K, reserved 1067008K
  class space    used 2081K, capacity 2169K, committed 2176K, reserved 1048576K
}

